<?xml version="1.0" encoding="UTF-8"?>
<testsuite xmlns:xsi="http://www.w3.org/2001/XMLSchema-instance" xsi:noNamespaceSchemaLocation="https://maven.apache.org/surefire/maven-surefire-plugin/xsd/surefire-test-report-3.0.xsd" version="3.0" name="com.example.orgstructure.DepartmentStructureAnalyzerTest" time="0.107" tests="4" errors="0" skipped="0" failures="0">
  <properties>
[...]
</properties>
  <testcase name="testHierarchyDepthLimit" classname="com.example.orgstructure.DepartmentStructureAnalyzerTest" time="0.02">
    <system-out><![CDATA[📂 Loading employee data from file: src/test/resources/employees.csv
👔 CEO Identified: Joe Doe (ID: 123)
Employee data loaded. Total employees: 5
]]></system-out>
  </testcase>
  <testcase name="testCEOIdentification" classname="com.example.orgstructure.DepartmentStructureAnalyzerTest" time="0.001">
    <system-out><![CDATA[📂 Loading employee data from file: src/test/resources/employees.csv
👔 CEO Identified: Joe Doe (ID: 123)
Employee data loaded. Total employees: 5
]]></system-out>
  </testcase>
  <testcase name="testEmployeeLoading" classname="com.example.orgstructure.DepartmentStructureAnalyzerTest" time="0.001">
    <system-out><![CDATA[📂 Loading employee data from file: src/test/resources/employees.csv
👔 CEO Identified: Joe Doe (ID: 123)
Employee data loaded. Total employees: 5
]]></system-out>
  </testcase>
  <testcase name="testManagerSalaryWithinRange" classname="com.example.orgstructure.DepartmentStructureAnalyzerTest" time="0.001">
    <system-out><![CDATA[📂 Loading employee data from file: src/test/resources/employees.csv
👔 CEO Identified: Joe Doe (ID: 123)
Employee data loaded. Total employees: 5
]]></system-out>
  </testcase>
</testsuite>